[2009-08-20 00:16:17]  Info    Attaching root sequence CodonSequence:Root node 7:10362440
[2009-08-20 00:16:17]  Info    Write protecting root sequence CodonSequence:Root node 7:10362440
[2009-08-20 00:16:17]  Info    Starting simulation on the object PhyloSim:Anonymous:10403600
[2009-08-20 00:16:17]  Info    Starting to simulate edge 1 of 10
[2009-08-20 00:16:18]  Info    Performing event [ GCA->ACA ] at position 197 generated by the process NY98:Anonymous:12887520
[2009-08-20 00:16:20]  Info    Performing event [ CGG->CGA ] at position 78 generated by the process NY98:Anonymous:12887520
[2009-08-20 00:16:22]  Info    Performing event [ CCA->CTA ] at position 173 generated by the process NY98:Anonymous:12887520
[2009-08-20 00:16:24]  Info    Performing event [ GGT->GAT ] at position 120 generated by the process NY98:Anonymous:12887520
[2009-08-20 00:16:26]  Info    Performing event [ GGC->GTC ] at position 60 generated by the process NY98:Anonymous:12887520
[2009-08-20 00:16:28]  Info    Performing event [ TCT->TGT ] at position 101 generated by the process NY98:Anonymous:12887520
[2009-08-20 00:16:30]  Info    Performing event [ GTT->CTT ] at position 55 generated by the process NY98:Anonymous:12887520
[2009-08-20 00:16:32]  Info    Performing event [ GAC->GGC ] at position 45 generated by the process NY98:Anonymous:12887520
[2009-08-20 00:16:34]  Info    Performing event [ ACG->GCG ] at position 156 generated by the process NY98:Anonymous:12887520
[2009-08-20 00:16:36]  Info    Performing event [ ATC->ACC ] at position 167 generated by the process NY98:Anonymous:12887520
[2009-08-20 00:16:38]  Info    Performing event [ TGC->GGC ] at position 54 generated by the process NY98:Anonymous:12887520
[2009-08-20 00:16:40]  Info    Performing event [ ATC->ATT ] at position 51 generated by the process NY98:Anonymous:12887520
[2009-08-20 00:16:42]  Info    Performing event [ CTC->TTC ] at position 184 generated by the process NY98:Anonymous:12887520
[2009-08-20 00:16:44]  Info    Performing event [ TGC->TCC ] at position 27 generated by the process NY98:Anonymous:12887520
[2009-08-20 00:16:46]  Info    Performing event [ CCG->CGG ] at position 132 generated by the process NY98:Anonymous:12887520
[2009-08-20 00:16:48]  Info    Performing event [ ACT->TCT ] at position 142 generated by the process NY98:Anonymous:12887520
[2009-08-20 00:16:50]  Info    Performing event [ TCC->TCT ] at position 21 generated by the process NY98:Anonymous:12887520
[2009-08-20 00:16:51]  Info    Performing event [ TCA->TCG ] at position 35 generated by the process NY98:Anonymous:12887520
[2009-08-20 00:16:53]  Info    Performing event [ GGT->TGT ] at position 42 generated by the process NY98:Anonymous:12887520
[2009-08-20 00:16:55]  Info    Performing event [ CCC->CTC ] at position 146 generated by the process NY98:Anonymous:12887520
[2009-08-20 00:16:57]  Info    Performing event [ TAC->TGC ] at position 30 generated by the process NY98:Anonymous:12887520
[2009-08-20 00:16:59]  Info    Performing event [ CTC->ATC ] at position 194 generated by the process NY98:Anonymous:12887520
[2009-08-20 00:17:01]  Info    Performing event [ GGC->TGC ] at position 91 generated by the process NY98:Anonymous:12887520
[2009-08-20 00:17:03]  Info    Performing event [ AAA->AAG ] at position 70 generated by the process NY98:Anonymous:12887520
[2009-08-20 00:17:05]  Info    Performing event [ ATT->ATG ] at position 163 generated by the process NY98:Anonymous:12887520
[2009-08-20 00:17:07]  Info    Performing event [ TCC->CCC ] at position 27 generated by the process NY98:Anonymous:12887520
[2009-08-20 00:17:09]  Info    Performing event [ CTA->CTG ] at position 173 generated by the process NY98:Anonymous:12887520
[2009-08-20 00:17:11]  Info    Performing event [ ACT->CCT ] at position 68 generated by the process NY98:Anonymous:12887520
[2009-08-20 00:17:13]  Info    Performing event [ GCC->GCA ] at position 81 generated by the process NY98:Anonymous:12887520
[2009-08-20 00:17:15]  Info    Performing event [ TCT->TCC ] at position 147 generated by the process NY98:Anonymous:12887520
[2009-08-20 00:17:17]  Info    Performing event [ GCC->GCT ] at position 154 generated by the process NY98:Anonymous:12887520
[2009-08-20 00:17:19]  Info    Performing event [ ATC->AAC ] at position 188 generated by the process NY98:Anonymous:12887520
[2009-08-20 00:17:21]  Info    Performing event [ CGG->CAG ] at position 85 generated by the process NY98:Anonymous:12887520
[2009-08-20 00:17:23]  Info    Performing event [ CAC->CGC ] at position 38 generated by the process NY98:Anonymous:12887520
[2009-08-20 00:17:25]  Info    Performing event [ AGA->AGG ] at position 127 generated by the process NY98:Anonymous:12887520
[2009-08-20 00:17:27]  Info    Performing event [ TCA->TTA ] at position 102 generated by the process NY98:Anonymous:12887520
[2009-08-20 00:17:29]  Info    Performing event [ GGG->AGG ] at position 141 generated by the process NY98:Anonymous:12887520
[2009-08-20 00:17:30]  Info    Performing event [ CCA->ACA ] at position 24 generated by the process NY98:Anonymous:12887520
[2009-08-20 00:17:32]  Info    Performing event [ GCC->GCG ] at position 65 generated by the process NY98:Anonymous:12887520
[2009-08-20 00:17:34]  Info    Performing event [ TGT->TGC ] at position 42 generated by the process NY98:Anonymous:12887520
[2009-08-20 00:17:36]  Info    Performing event [ TTT->TCT ] at position 69 generated by the process NY98:Anonymous:12887520
[2009-08-20 00:17:38]  Info    Performing event [ TCA->CCA ] at position 17 generated by the process NY98:Anonymous:12887520
[2009-08-20 00:17:40]  Info    Performing event [ TTG->TTA ] at position 79 generated by the process NY98:Anonymous:12887520
[2009-08-20 00:17:42]  Info    Performing event [ GGG->GAG ] at position 186 generated by the process NY98:Anonymous:12887520
[2009-08-20 00:17:44]  Info    Performing event [ TTC->CTC ] at position 123 generated by the process NY98:Anonymous:12887520
[2009-08-20 00:17:46]  Info    Performing event [ CCC->TCC ] at position 87 generated by the process NY98:Anonymous:12887520
[2009-08-20 00:17:48]  Info    Performing event [ AGG->GGG ] at position 175 generated by the process NY98:Anonymous:12887520
[2009-08-20 00:17:50]  Info    Performing event [ CGC->CGT ] at position 192 generated by the process NY98:Anonymous:12887520
[2009-08-20 00:17:52]  Info    Performing event [ GAG->GAA ] at position 149 generated by the process NY98:Anonymous:12887520
[2009-08-20 00:17:54]  Info    Performing event [ GCG->ACG ] at position 156 generated by the process NY98:Anonymous:12887520
[2009-08-20 00:17:56]  Info    Performing event [ TCC->TCT ] at position 72 generated by the process NY98:Anonymous:12887520
[2009-08-20 00:17:58]  Info    Performing event [ ATT->AGT ] at position 29 generated by the process NY98:Anonymous:12887520
[2009-08-20 00:18:00]  Info    Performing event [ CGA->CAA ] at position 126 generated by the process NY98:Anonymous:12887520
[2009-08-20 00:18:02]  Info    Performing event [ TGT->TTT ] at position 101 generated by the process NY98:Anonymous:12887520
[2009-08-20 00:18:04]  Info    Performing event [ TTA->TTG ] at position 79 generated by the process NY98:Anonymous:12887520
[2009-08-20 00:18:06]  Info    Performing event [ TGC->TAC ] at position 30 generated by the process NY98:Anonymous:12887520
[2009-08-20 00:18:08]  Info    Performing event [ ATC->CTC ] at position 103 generated by the process NY98:Anonymous:12887520
[2009-08-20 00:18:10]  Info    Performing event [ TGC->TTC ] at position 198 generated by the process NY98:Anonymous:12887520
[2009-08-20 00:18:12]  Info    Performing event [ ATT->GTT ] at position 51 generated by the process NY98:Anonymous:12887520
[2009-08-20 00:18:14]  Info    Performing event [ TTG->CTG ] at position 32 generated by the process NY98:Anonymous:12887520
[2009-08-20 00:18:16]  Info    Performing event [ GTG->GCG ] at position 200 generated by the process NY98:Anonymous:12887520
[2009-08-20 00:18:18]  Info    Performing event [ TGC->TGG ] at position 89 generated by the process NY98:Anonymous:12887520
[2009-08-20 00:18:19]  Info    Performing event [ AGT->GGT ] at position 144 generated by the process NY98:Anonymous:12887520
[2009-08-20 00:18:21]  Info    Performing event [ TTC->TTT ] at position 184 generated by the process NY98:Anonymous:12887520
[2009-08-20 00:18:22]  Info    Starting to simulate edge 2 of 10
[2009-08-20 00:18:24]  Info    Performing event [ CTA->CTT ] at position 92 generated by the process NY98:Anonymous:12887520
[2009-08-20 00:18:26]  Info    Performing event [ CCC->TCC ] at position 27 generated by the process NY98:Anonymous:12887520
[2009-08-20 00:18:28]  Info    Performing event [ CGT->CAT ] at position 6 generated by the process NY98:Anonymous:12887520
[2009-08-20 00:18:30]  Info    Performing event [ CGT->CGC ] at position 122 generated by the process NY98:Anonymous:12887520
[2009-08-20 00:18:32]  Info    Performing event [ AGG->CGG ] at position 127 generated by the process NY98:Anonymous:12887520
[2009-08-20 00:18:34]  Info    Performing event [ TCC->CCC ] at position 117 generated by the process NY98:Anonymous:12887520
[2009-08-20 00:18:36]  Info    Performing event [ CAC->CAA ] at position 46 generated by the process NY98:Anonymous:12887520
[2009-08-20 00:18:37]  Info    Performing event [ CCT->CAT ] at position 68 generated by the process NY98:Anonymous:12887520
[2009-08-20 00:18:39]  Info    Performing event [ GTT->GCT ] at position 51 generated by the process NY98:Anonymous:12887520
[2009-08-20 00:18:41]  Info    Performing event [ TGT->TAT ] at position 3 generated by the process NY98:Anonymous:12887520
[2009-08-20 00:18:43]  Info    Performing event [ CCC->CCT ] at position 64 generated by the process NY98:Anonymous:12887520
[2009-08-20 00:18:45]  Info    Performing event [ TGG->TGT ] at position 48 generated by the process NY98:Anonymous:12887520
[2009-08-20 00:18:47]  Info    Performing event [ TCC->CCC ] at position 33 generated by the process NY98:Anonymous:12887520
[2009-08-20 00:18:49]  Info    Performing event [ CAG->CGG ] at position 40 generated by the process NY98:Anonymous:12887520
[2009-08-20 00:18:51]  Info    Performing event [ AGT->AAT ] at position 113 generated by the process NY98:Anonymous:12887520
[2009-08-20 00:18:53]  Info    Performing event [ GCG->GTG ] at position 65 generated by the process NY98:Anonymous:12887520
[2009-08-20 00:18:55]  Info    Performing event [ GTG->TTG ] at position 41 generated by the process NY98:Anonymous:12887520
[2009-08-20 00:18:57]  Info    Performing event [ CAA->CGA ] at position 126 generated by the process NY98:Anonymous:12887520
[2009-08-20 00:18:59]  Info    Performing event [ ACT->ATT ] at position 83 generated by the process NY98:Anonymous:12887520
[2009-08-20 00:19:01]  Info    Performing event [ GGC->GAC ] at position 45 generated by the process NY98:Anonymous:12887520
[2009-08-20 00:19:03]  Info    Performing event [ CAT->AAT ] at position 49 generated by the process NY98:Anonymous:12887520
[2009-08-20 00:19:05]  Info    Performing event [ ACG->CCG ] at position 156 generated by the process NY98:Anonymous:12887520
[2009-08-20 00:19:07]  Info    Performing event [ AGG->AGC ] at position 141 generated by the process NY98:Anonymous:12887520
[2009-08-20 00:19:08]  Info    Performing event [ CGT->CGC ] at position 192 generated by the process NY98:Anonymous:12887520
[2009-08-20 00:19:10]  Info    Performing event [ TGG->TGT ] at position 89 generated by the process NY98:Anonymous:12887520
[2009-08-20 00:19:12]  Info    Performing event [ AGC->AGT ] at position 141 generated by the process NY98:Anonymous:12887520
[2009-08-20 00:19:14]  Info    Performing event [ CAA->CGA ] at position 8 generated by the process NY98:Anonymous:12887520
[2009-08-20 00:19:16]  Info    Performing event [ GGC->CGC ] at position 54 generated by the process NY98:Anonymous:12887520
[2009-08-20 00:19:18]  Info    Performing event [ AGG->AGA ] at position 137 generated by the process NY98:Anonymous:12887520
[2009-08-20 00:19:20]  Info    Performing event [ CGA->CAA ] at position 78 generated by the process NY98:Anonymous:12887520
[2009-08-20 00:19:22]  Info    Performing event [ GCG->GTG ] at position 36 generated by the process NY98:Anonymous:12887520
[2009-08-20 00:19:24]  Info    Performing event [ CTT->CTC ] at position 92 generated by the process NY98:Anonymous:12887520
[2009-08-20 00:19:26]  Info    Performing event [ TTG->TTA ] at position 79 generated by the process NY98:Anonymous:12887520
[2009-08-20 00:19:28]  Info    Performing event [ GAT->GAC ] at position 47 generated by the process NY98:Anonymous:12887520
[2009-08-20 00:19:30]  Info    Performing event [ TCT->TCC ] at position 21 generated by the process NY98:Anonymous:12887520
[2009-08-20 00:19:32]  Info    Performing event [ CCT->TCT ] at position 15 generated by the process NY98:Anonymous:12887520
[2009-08-20 00:19:34]  Info    Performing event [ TCC->TTC ] at position 21 generated by the process NY98:Anonymous:12887520
[2009-08-20 00:19:36]  Info    Performing event [ TAT->GAT ] at position 3 generated by the process NY98:Anonymous:12887520
[2009-08-20 00:19:38]  Info    Performing event [ CAA->CAT ] at position 78 generated by the process NY98:Anonymous:12887520
[2009-08-20 00:19:40]  Info    Performing event [ AGA->AGC ] at position 157 generated by the process NY98:Anonymous:12887520
[2009-08-20 00:19:42]  Info    Performing event [ GAG->GAA ] at position 172 generated by the process NY98:Anonymous:12887520
[2009-08-20 00:19:44]  Info    Performing event [ CGG->GGG ] at position 2 generated by the process NY98:Anonymous:12887520
[2009-08-20 00:19:45]  Info    Starting to simulate edge 3 of 10
[2009-08-20 00:19:46]  Info    Performing event [ CGA->CAA ] at position 19 generated by the process NY98:Anonymous:12887520
[2009-08-20 00:19:48]  Info    Performing event [ GCT->ACT ] at position 23 generated by the process NY98:Anonymous:12887520
[2009-08-20 00:19:50]  Info    Performing event [ CTT->TTT ] at position 58 generated by the process NY98:Anonymous:12887520
[2009-08-20 00:19:52]  Info    Performing event [ AGT->CGT ] at position 29 generated by the process NY98:Anonymous:12887520
[2009-08-20 00:19:54]  Info    Performing event [ TTG->CTG ] at position 171 generated by the process NY98:Anonymous:12887520
[2009-08-20 00:19:56]  Info    Performing event [ ATG->ACG ] at position 20 generated by the process NY98:Anonymous:12887520
[2009-08-20 00:19:58]  Info    Performing event [ ACC->ATC ] at position 153 generated by the process NY98:Anonymous:12887520
[2009-08-20 00:20:00]  Info    Performing event [ CGC->CGG ] at position 122 generated by the process NY98:Anonymous:12887520
[2009-08-20 00:20:02]  Info    Performing event [ AGA->AGG ] at position 137 generated by the process NY98:Anonymous:12887520
[2009-08-20 00:20:04]  Info    Performing event [ GGT->GAT ] at position 144 generated by the process NY98:Anonymous:12887520
[2009-08-20 00:20:05]  Info    Performing event [ CAA->CAG ] at position 75 generated by the process NY98:Anonymous:12887520
[2009-08-20 00:20:07]  Info    Performing event [ TAC->CAC ] at position 30 generated by the process NY98:Anonymous:12887520
[2009-08-20 00:20:09]  Info    Performing event [ CTG->CCG ] at position 155 generated by the process NY98:Anonymous:12887520
[2009-08-20 00:20:11]  Info    Performing event [ CAC->AAC ] at position 80 generated by the process NY98:Anonymous:12887520
[2009-08-20 00:20:13]  Info    Performing event [ CGC->CAC ] at position 39 generated by the process NY98:Anonymous:12887520
[2009-08-20 00:20:15]  Info    Performing event [ CGG->TGG ] at position 127 generated by the process NY98:Anonymous:12887520
[2009-08-20 00:20:17]  Info    Performing event [ GTT->ATT ] at position 162 generated by the process NY98:Anonymous:12887520
[2009-08-20 00:20:19]  Info    Performing event [ AAT->GAT ] at position 170 generated by the process NY98:Anonymous:12887520
[2009-08-20 00:20:21]  Info    Performing event [ GAT->GAG ] at position 144 generated by the process NY98:Anonymous:12887520
[2009-08-20 00:20:23]  Info    Performing event [ GTC->GTT ] at position 60 generated by the process NY98:Anonymous:12887520
[2009-08-20 00:20:25]  Info    Performing event [ CAA->CAG ] at position 19 generated by the process NY98:Anonymous:12887520
[2009-08-20 00:20:27]  Info    Performing event [ CAC->GAC ] at position 30 generated by the process NY98:Anonymous:12887520
[2009-08-20 00:20:29]  Info    Performing event [ GTG->GCG ] at position 105 generated by the process NY98:Anonymous:12887520
[2009-08-20 00:20:31]  Info    Performing event [ AAA->AAG ] at position 116 generated by the process NY98:Anonymous:12887520
[2009-08-20 00:20:33]  Info    Performing event [ AGT->AAT ] at position 96 generated by the process NY98:Anonymous:12887520
[2009-08-20 00:20:35]  Info    Performing event [ CAT->CAC ] at position 78 generated by the process NY98:Anonymous:12887520
[2009-08-20 00:20:37]  Info    Performing event [ CGA->CAA ] at position 187 generated by the process NY98:Anonymous:12887520
[2009-08-20 00:20:39]  Info    Performing event [ CGG->CGA ] at position 161 generated by the process NY98:Anonymous:12887520
[2009-08-20 00:20:41]  Info    Performing event [ TCC->ACC ] at position 27 generated by the process NY98:Anonymous:12887520
[2009-08-20 00:20:43]  Info    Performing event [ GTT->ATT ] at position 60 generated by the process NY98:Anonymous:12887520
[2009-08-20 00:20:45]  Info    Performing event [ ATG->GTG ] at position 163 generated by the process NY98:Anonymous:12887520
[2009-08-20 00:20:47]  Info    Performing event [ CCC->CCT ] at position 16 generated by the process NY98:Anonymous:12887520
[2009-08-20 00:20:49]  Info    Performing event [ TAT->TAC ] at position 199 generated by the process NY98:Anonymous:12887520
[2009-08-20 00:20:50]  Info    Performing event [ TTC->TAC ] at position 198 generated by the process NY98:Anonymous:12887520
[2009-08-20 00:20:52]  Info    Starting to simulate edge 4 of 10
[2009-08-20 00:20:53]  Info    Performing event [ GCG->GCA ] at position 99 generated by the process NY98:Anonymous:12887520
[2009-08-20 00:20:55]  Info    Performing event [ CGC->CAC ] at position 39 generated by the process NY98:Anonymous:12887520
[2009-08-20 00:20:57]  Info    Performing event [ GGC->GAC ] at position 165 generated by the process NY98:Anonymous:12887520
[2009-08-20 00:20:59]  Info    Performing event [ AGT->AGC ] at position 29 generated by the process NY98:Anonymous:12887520
[2009-08-20 00:21:01]  Info    Performing event [ TCG->ACG ] at position 35 generated by the process NY98:Anonymous:12887520
[2009-08-20 00:21:03]  Info    Performing event [ GCG->GCA ] at position 200 generated by the process NY98:Anonymous:12887520
[2009-08-20 00:21:05]  Info    Performing event [ CCG->ACG ] at position 156 generated by the process NY98:Anonymous:12887520
[2009-08-20 00:21:06]  Info    Performing event [ GGG->AGG ] at position 62 generated by the process NY98:Anonymous:12887520
[2009-08-20 00:21:08]  Info    Performing event [ TCC->TCT ] at position 59 generated by the process NY98:Anonymous:12887520
[2009-08-20 00:21:11]  Info    Performing event [ CCG->CTG ] at position 152 generated by the process NY98:Anonymous:12887520
[2009-08-20 00:21:12]  Info    Performing event [ CTC->CTT ] at position 92 generated by the process NY98:Anonymous:12887520
[2009-08-20 00:21:14]  Info    Performing event [ ATT->GTT ] at position 83 generated by the process NY98:Anonymous:12887520
[2009-08-20 00:21:16]  Info    Performing event [ CTG->CGG ] at position 152 generated by the process NY98:Anonymous:12887520
[2009-08-20 00:21:18]  Info    Performing event [ GTG->ATG ] at position 36 generated by the process NY98:Anonymous:12887520
[2009-08-20 00:21:20]  Info    Performing event [ TGG->CGG ] at position 183 generated by the process NY98:Anonymous:12887520
[2009-08-20 00:21:22]  Info    Performing event [ AGT->AAT ] at position 141 generated by the process NY98:Anonymous:12887520
[2009-08-20 00:21:24]  Info    Performing event [ GCC->GCT ] at position 22 generated by the process NY98:Anonymous:12887520
[2009-08-20 00:21:26]  Info    Performing event [ CCC->CCT ] at position 10 generated by the process NY98:Anonymous:12887520
[2009-08-20 00:21:28]  Info    Performing event [ GAC->GAT ] at position 71 generated by the process NY98:Anonymous:12887520
[2009-08-20 00:21:30]  Info    Performing event [ AGC->AAC ] at position 178 generated by the process NY98:Anonymous:12887520
[2009-08-20 00:21:32]  Info    Performing event [ ATG->AGG ] at position 36 generated by the process NY98:Anonymous:12887520
[2009-08-20 00:21:34]  Info    Performing event [ GAT->GGT ] at position 120 generated by the process NY98:Anonymous:12887520
[2009-08-20 00:21:36]  Info    Performing event [ CGC->TGC ] at position 12 generated by the process NY98:Anonymous:12887520
[2009-08-20 00:21:38]  Info    Performing event [ TTC->ATC ] at position 119 generated by the process NY98:Anonymous:12887520
[2009-08-20 00:21:40]  Info    Performing event [ GCA->GCG ] at position 74 generated by the process NY98:Anonymous:12887520
[2009-08-20 00:21:42]  Info    Performing event [ GTG->GAG ] at position 105 generated by the process NY98:Anonymous:12887520
[2009-08-20 00:21:44]  Info    Performing event [ CCT->CCC ] at position 50 generated by the process NY98:Anonymous:12887520
[2009-08-20 00:21:46]  Info    Performing event [ ACC->ATC ] at position 153 generated by the process NY98:Anonymous:12887520
[2009-08-20 00:21:48]  Info    Performing event [ GGT->GAT ] at position 120 generated by the process NY98:Anonymous:12887520
[2009-08-20 00:21:50]  Info    Performing event [ CTC->CCC ] at position 103 generated by the process NY98:Anonymous:12887520
[2009-08-20 00:21:52]  Info    Performing event [ GCT->ACT ] at position 51 generated by the process NY98:Anonymous:12887520
[2009-08-20 00:21:54]  Info    Performing event [ GTT->GTA ] at position 139 generated by the process NY98:Anonymous:12887520
[2009-08-20 00:21:56]  Info    Performing event [ TGC->TAC ] at position 63 generated by the process NY98:Anonymous:12887520
[2009-08-20 00:21:58]  Info    Performing event [ CGC->CGA ] at position 192 generated by the process NY98:Anonymous:12887520
[2009-08-20 00:21:59]  Info    Performing event [ TTA->GTA ] at position 102 generated by the process NY98:Anonymous:12887520
[2009-08-20 00:22:01]  Info    Performing event [ CTA->ATA ] at position 111 generated by the process NY98:Anonymous:12887520
[2009-08-20 00:22:03]  Info    Performing event [ TCT->CCT ] at position 69 generated by the process NY98:Anonymous:12887520
[2009-08-20 00:22:05]  Info    Performing event [ CCG->CAG ] at position 73 generated by the process NY98:Anonymous:12887520
[2009-08-20 00:22:07]  Info    Performing event [ ATA->GTA ] at position 111 generated by the process NY98:Anonymous:12887520
[2009-08-20 00:22:09]  Info    Performing event [ CTC->CTA ] at position 146 generated by the process NY98:Anonymous:12887520
[2009-08-20 00:22:11]  Info    Performing event [ TAC->TGC ] at position 63 generated by the process NY98:Anonymous:12887520
[2009-08-20 00:22:13]  Info    Performing event [ ACC->AAC ] at position 195 generated by the process NY98:Anonymous:12887520
[2009-08-20 00:22:14]  Info    Starting to simulate edge 5 of 10
[2009-08-20 00:22:16]  Info    Performing event [ CGC->CTC ] at position 38 generated by the process NY98:Anonymous:12887520
[2009-08-20 00:22:18]  Info    Performing event [ AAT->AGT ] at position 170 generated by the process NY98:Anonymous:12887520
[2009-08-20 00:22:20]  Info    Performing event [ GAT->GGT ] at position 9 generated by the process NY98:Anonymous:12887520
[2009-08-20 00:22:22]  Info    Performing event [ CTA->CCA ] at position 111 generated by the process NY98:Anonymous:12887520
[2009-08-20 00:22:24]  Info    Performing event [ CTC->CTT ] at position 44 generated by the process NY98:Anonymous:12887520
[2009-08-20 00:22:26]  Info    Performing event [ CGT->CGG ] at position 122 generated by the process NY98:Anonymous:12887520
[2009-08-20 00:22:27]  Info    Performing event [ TTT->TTC ] at position 101 generated by the process NY98:Anonymous:12887520
[2009-08-20 00:22:29]  Info    Performing event [ GCA->CCA ] at position 81 generated by the process NY98:Anonymous:12887520
[2009-08-20 00:22:31]  Info    Performing event [ GCC->ACC ] at position 150 generated by the process NY98:Anonymous:12887520
[2009-08-20 00:22:33]  Info    Performing event [ ACT->ATT ] at position 100 generated by the process NY98:Anonymous:12887520
[2009-08-20 00:22:35]  Info    Performing event [ GAC->AAC ] at position 95 generated by the process NY98:Anonymous:12887520
[2009-08-20 00:22:37]  Info    Performing event [ GAT->GAG ] at position 120 generated by the process NY98:Anonymous:12887520
[2009-08-20 00:22:39]  Info    Performing event [ ACC->ACT ] at position 67 generated by the process NY98:Anonymous:12887520
[2009-08-20 00:22:42]  Info    Performing event [ CTG->CCG ] at position 52 generated by the process NY98:Anonymous:12887520
[2009-08-20 00:22:43]  Info    Performing event [ TTC->TTT ] at position 119 generated by the process NY98:Anonymous:12887520
[2009-08-20 00:22:45]  Info    Performing event [ GGC->GAC ] at position 54 generated by the process NY98:Anonymous:12887520
[2009-08-20 00:22:47]  Info    Performing event [ CCG->CCT ] at position 174 generated by the process NY98:Anonymous:12887520
[2009-08-20 00:22:49]  Info    Performing event [ TTG->CTG ] at position 134 generated by the process NY98:Anonymous:12887520
[2009-08-20 00:22:51]  Info    Performing event [ GGC->GAC ] at position 26 generated by the process NY98:Anonymous:12887520
[2009-08-20 00:22:53]  Info    Performing event [ GTG->ATG ] at position 11 generated by the process NY98:Anonymous:12887520
[2009-08-20 00:22:55]  Info    Performing event [ CGA->CAA ] at position 19 generated by the process NY98:Anonymous:12887520
[2009-08-20 00:22:57]  Info    Performing event [ AGG->AGA ] at position 180 generated by the process NY98:Anonymous:12887520
[2009-08-20 00:22:59]  Info    Performing event [ TCC->CCC ] at position 147 generated by the process NY98:Anonymous:12887520
[2009-08-20 00:23:01]  Info    Performing event [ CGG->CAG ] at position 2 generated by the process NY98:Anonymous:12887520
[2009-08-20 00:23:03]  Info    Performing event [ GCG->ACG ] at position 200 generated by the process NY98:Anonymous:12887520
[2009-08-20 00:23:05]  Info    Performing event [ CCC->CCG ] at position 10 generated by the process NY98:Anonymous:12887520
[2009-08-20 00:23:07]  Info    Performing event [ ATT->CTT ] at position 176 generated by the process NY98:Anonymous:12887520
[2009-08-20 00:23:09]  Info    Performing event [ ACC->ATC ] at position 150 generated by the process NY98:Anonymous:12887520
[2009-08-20 00:23:11]  Info    Performing event [ TAC->TTC ] at position 56 generated by the process NY98:Anonymous:12887520
[2009-08-20 00:23:13]  Info    Performing event [ GCT->GCC ] at position 189 generated by the process NY98:Anonymous:12887520
[2009-08-20 00:23:15]  Info    Performing event [ ACC->GCC ] at position 167 generated by the process NY98:Anonymous:12887520
[2009-08-20 00:23:17]  Info    Performing event [ GGC->AGC ] at position 165 generated by the process NY98:Anonymous:12887520
[2009-08-20 00:23:18]  Info    Performing event [ CCA->CTA ] at position 17 generated by the process NY98:Anonymous:12887520
[2009-08-20 00:23:20]  Info    Performing event [ CCA->CTA ] at position 111 generated by the process NY98:Anonymous:12887520
[2009-08-20 00:23:22]  Info    Performing event [ TTC->ATC ] at position 101 generated by the process NY98:Anonymous:12887520
[2009-08-20 00:23:24]  Info    Performing event [ ACG->ACC ] at position 131 generated by the process NY98:Anonymous:12887520
[2009-08-20 00:23:26]  Info    Performing event [ GAC->AAC ] at position 26 generated by the process NY98:Anonymous:12887520
[2009-08-20 00:23:28]  Info    Performing event [ AGC->ATC ] at position 165 generated by the process NY98:Anonymous:12887520
[2009-08-20 00:23:30]  Info    Performing event [ TTT->TTC ] at position 119 generated by the process NY98:Anonymous:12887520
[2009-08-20 00:23:33]  Info    Performing event [ GCA->GCG ] at position 74 generated by the process NY98:Anonymous:12887520
[2009-08-20 00:23:34]  Info    Performing event [ ACA->TCA ] at position 13 generated by the process NY98:Anonymous:12887520
[2009-08-20 00:23:36]  Info    Performing event [ GAA->AAA ] at position 149 generated by the process NY98:Anonymous:12887520
[2009-08-20 00:23:38]  Info    Performing event [ AGG->AGA ] at position 185 generated by the process NY98:Anonymous:12887520
[2009-08-20 00:23:40]  Info    Performing event [ ACT->ACC ] at position 53 generated by the process NY98:Anonymous:12887520
[2009-08-20 00:23:42]  Info    Performing event [ GAC->GGC ] at position 182 generated by the process NY98:Anonymous:12887520
[2009-08-20 00:23:44]  Info    Performing event [ CAG->CAA ] at position 40 generated by the process NY98:Anonymous:12887520
[2009-08-20 00:23:46]  Info    Performing event [ GCG->GTG ] at position 65 generated by the process NY98:Anonymous:12887520
[2009-08-20 00:23:48]  Info    Performing event [ ACT->ATT ] at position 83 generated by the process NY98:Anonymous:12887520
[2009-08-20 00:23:50]  Info    Performing event [ GCG->GCT ] at position 99 generated by the process NY98:Anonymous:12887520
[2009-08-20 00:23:52]  Info    Performing event [ CGA->CTA ] at position 78 generated by the process NY98:Anonymous:12887520
[2009-08-20 00:23:54]  Info    Performing event [ AGA->AAA ] at position 185 generated by the process NY98:Anonymous:12887520
[2009-08-20 00:23:56]  Info    Performing event [ ATC->GTC ] at position 101 generated by the process NY98:Anonymous:12887520
[2009-08-20 00:23:58]  Info    Performing event [ GAG->GTG ] at position 120 generated by the process NY98:Anonymous:12887520
[2009-08-20 00:24:00]  Info    Performing event [ GCT->GTT ] at position 23 generated by the process NY98:Anonymous:12887520
[2009-08-20 00:24:01]  Info    Starting to simulate edge 6 of 10
[2009-08-20 00:24:02]  Info    Performing event [ CAG->CAA ] at position 2 generated by the process NY98:Anonymous:12887520
[2009-08-20 00:24:04]  Info    Performing event [ ATC->CTC ] at position 194 generated by the process NY98:Anonymous:12887520
[2009-08-20 00:24:06]  Info    Performing event [ CTT->CAT ] at position 58 generated by the process NY98:Anonymous:12887520
[2009-08-20 00:24:08]  Info    Performing event [ TCT->TTT ] at position 21 generated by the process NY98:Anonymous:12887520
[2009-08-20 00:24:10]  Info    Performing event [ CCT->ACT ] at position 174 generated by the process NY98:Anonymous:12887520
[2009-08-20 00:24:12]  Info    Performing event [ CTC->CTT ] at position 123 generated by the process NY98:Anonymous:12887520
[2009-08-20 00:24:14]  Info    Performing event [ GGC->AGC ] at position 182 generated by the process NY98:Anonymous:12887520
[2009-08-20 00:24:16]  Info    Performing event [ ACT->ACC ] at position 174 generated by the process NY98:Anonymous:12887520
[2009-08-20 00:24:18]  Info    Performing event [ CAA->CGA ] at position 126 generated by the process NY98:Anonymous:12887520
[2009-08-20 00:24:20]  Info    Performing event [ CAA->CGA ] at position 75 generated by the process NY98:Anonymous:12887520
[2009-08-20 00:24:22]  Info    Performing event [ TGC->GGC ] at position 42 generated by the process NY98:Anonymous:12887520
[2009-08-20 00:24:24]  Info    Performing event [ GCG->GAG ] at position 36 generated by the process NY98:Anonymous:12887520
[2009-08-20 00:24:26]  Info    Performing event [ CGG->CAG ] at position 132 generated by the process NY98:Anonymous:12887520
[2009-08-20 00:24:28]  Info    Performing event [ CTT->TTT ] at position 123 generated by the process NY98:Anonymous:12887520
[2009-08-20 00:24:30]  Info    Performing event [ GCT->GTT ] at position 99 generated by the process NY98:Anonymous:12887520
[2009-08-20 00:24:32]  Info    Performing event [ CAC->CAT ] at position 80 generated by the process NY98:Anonymous:12887520
[2009-08-20 00:24:33]  Info    Starting to simulate edge 7 of 10
[2009-08-20 00:24:34]  Info    Performing event [ ACT->ACA ] at position 181 generated by the process NY98:Anonymous:12887520
[2009-08-20 00:24:36]  Info    Performing event [ CAT->CAA ] at position 66 generated by the process NY98:Anonymous:12887520
[2009-08-20 00:24:38]  Info    Performing event [ GGA->CGA ] at position 28 generated by the process NY98:Anonymous:12887520
[2009-08-20 00:24:40]  Info    Performing event [ TTG->GTG ] at position 171 generated by the process NY98:Anonymous:12887520
[2009-08-20 00:24:42]  Info    Performing event [ CCT->ACT ] at position 68 generated by the process NY98:Anonymous:12887520
[2009-08-20 00:24:44]  Info    Performing event [ CTA->CTG ] at position 111 generated by the process NY98:Anonymous:12887520
[2009-08-20 00:24:46]  Info    Performing event [ GAT->GAC ] at position 47 generated by the process NY98:Anonymous:12887520
[2009-08-20 00:24:48]  Info    Performing event [ ATG->ACG ] at position 196 generated by the process NY98:Anonymous:12887520
[2009-08-20 00:24:50]  Info    Performing event [ GTG->ATG ] at position 171 generated by the process NY98:Anonymous:12887520
[2009-08-20 00:24:52]  Info    Performing event [ AGA->ACA ] at position 108 generated by the process NY98:Anonymous:12887520
[2009-08-20 00:24:54]  Info    Performing event [ ATC->ATG ] at position 194 generated by the process NY98:Anonymous:12887520
[2009-08-20 00:24:56]  Info    Performing event [ TGG->TGT ] at position 48 generated by the process NY98:Anonymous:12887520
[2009-08-20 00:24:58]  Info    Performing event [ AGG->CGG ] at position 127 generated by the process NY98:Anonymous:12887520
[2009-08-20 00:24:59]  Info    Starting to simulate edge 8 of 10
[2009-08-20 00:25:00]  Info    Performing event [ CGC->AGC ] at position 12 generated by the process NY98:Anonymous:12887520
[2009-08-20 00:25:02]  Info    Performing event [ GTG->GCG ] at position 200 generated by the process NY98:Anonymous:12887520
[2009-08-20 00:25:04]  Info    Performing event [ GGT->GAT ] at position 42 generated by the process NY98:Anonymous:12887520
[2009-08-20 00:25:06]  Info    Performing event [ GTT->GCT ] at position 162 generated by the process NY98:Anonymous:12887520
[2009-08-20 00:25:08]  Info    Performing event [ TGT->CGT ] at position 3 generated by the process NY98:Anonymous:12887520
[2009-08-20 00:25:10]  Info    Performing event [ TCA->TTA ] at position 35 generated by the process NY98:Anonymous:12887520
[2009-08-20 00:25:12]  Info    Performing event [ CTG->CTA ] at position 25 generated by the process NY98:Anonymous:12887520
[2009-08-20 00:25:14]  Info    Performing event [ CCG->GCG ] at position 128 generated by the process NY98:Anonymous:12887520
[2009-08-20 00:25:16]  Info    Performing event [ AGG->CGG ] at position 180 generated by the process NY98:Anonymous:12887520
[2009-08-20 00:25:18]  Info    Performing event [ TTT->CTT ] at position 69 generated by the process NY98:Anonymous:12887520
[2009-08-20 00:25:20]  Info    Performing event [ GTG->GTA ] at position 105 generated by the process NY98:Anonymous:12887520
[2009-08-20 00:25:22]  Info    Performing event [ CCG->CTG ] at position 174 generated by the process NY98:Anonymous:12887520
[2009-08-20 00:25:24]  Info    Performing event [ GCT->ACT ] at position 23 generated by the process NY98:Anonymous:12887520
[2009-08-20 00:25:26]  Info    Performing event [ GTT->GTC ] at position 139 generated by the process NY98:Anonymous:12887520
[2009-08-20 00:25:28]  Info    Performing event [ CCT->CTT ] at position 15 generated by the process NY98:Anonymous:12887520
[2009-08-20 00:25:30]  Info    Performing event [ GGC->AGC ] at position 26 generated by the process NY98:Anonymous:12887520
[2009-08-20 00:25:32]  Info    Performing event [ GGG->AGG ] at position 62 generated by the process NY98:Anonymous:12887520
[2009-08-20 00:25:34]  Info    Performing event [ CGA->CGG ] at position 187 generated by the process NY98:Anonymous:12887520
[2009-08-20 00:25:36]  Info    Performing event [ CTA->CTG ] at position 92 generated by the process NY98:Anonymous:12887520
[2009-08-20 00:25:38]  Info    Performing event [ CGC->TGC ] at position 192 generated by the process NY98:Anonymous:12887520
[2009-08-20 00:25:40]  Info    Performing event [ GCA->ACA ] at position 112 generated by the process NY98:Anonymous:12887520
[2009-08-20 00:25:41]  Info    Performing event [ GCG->GCA ] at position 128 generated by the process NY98:Anonymous:12887520
[2009-08-20 00:25:43]  Info    Performing event [ TTA->CTA ] at position 35 generated by the process NY98:Anonymous:12887520
[2009-08-20 00:25:45]  Info    Performing event [ GAC->GAA ] at position 45 generated by the process NY98:Anonymous:12887520
[2009-08-20 00:25:47]  Info    Performing event [ GAC->GGC ] at position 71 generated by the process NY98:Anonymous:12887520
[2009-08-20 00:25:49]  Info    Performing event [ GCA->GCG ] at position 107 generated by the process NY98:Anonymous:12887520
[2009-08-20 00:25:51]  Info    Performing event [ GTC->GTG ] at position 90 generated by the process NY98:Anonymous:12887520
[2009-08-20 00:25:53]  Info    Performing event [ CAC->CCC ] at position 46 generated by the process NY98:Anonymous:12887520
[2009-08-20 00:25:55]  Info    Performing event [ AGA->AGG ] at position 127 generated by the process NY98:Anonymous:12887520
[2009-08-20 00:25:57]  Info    Performing event [ CTG->CTA ] at position 174 generated by the process NY98:Anonymous:12887520
[2009-08-20 00:25:59]  Info    Performing event [ GCG->GCA ] at position 200 generated by the process NY98:Anonymous:12887520
[2009-08-20 00:26:01]  Info    Performing event [ ATT->ATA ] at position 29 generated by the process NY98:Anonymous:12887520
[2009-08-20 00:26:03]  Info    Performing event [ AGG->GGG ] at position 127 generated by the process NY98:Anonymous:12887520
[2009-08-20 00:26:05]  Info    Performing event [ CGT->AGT ] at position 122 generated by the process NY98:Anonymous:12887520
[2009-08-20 00:26:07]  Info    Performing event [ TGG->TGT ] at position 183 generated by the process NY98:Anonymous:12887520
[2009-08-20 00:26:09]  Info    Performing event [ CCG->CCA ] at position 152 generated by the process NY98:Anonymous:12887520
[2009-08-20 00:26:11]  Info    Performing event [ CCA->TCA ] at position 152 generated by the process NY98:Anonymous:12887520
[2009-08-20 00:26:13]  Info    Performing event [ GTG->ATG ] at position 11 generated by the process NY98:Anonymous:12887520
[2009-08-20 00:26:15]  Info    Performing event [ GTG->GCG ] at position 41 generated by the process NY98:Anonymous:12887520
[2009-08-20 00:26:17]  Info    Performing event [ CGT->TGT ] at position 3 generated by the process NY98:Anonymous:12887520
[2009-08-20 00:26:19]  Info    Performing event [ ACC->ATC ] at position 177 generated by the process NY98:Anonymous:12887520
[2009-08-20 00:26:21]  Info    Performing event [ CCT->CGT ] at position 168 generated by the process NY98:Anonymous:12887520
[2009-08-20 00:26:23]  Info    Performing event [ TTC->TCC ] at position 119 generated by the process NY98:Anonymous:12887520
[2009-08-20 00:26:25]  Info    Performing event [ CGC->CCC ] at position 39 generated by the process NY98:Anonymous:12887520
[2009-08-20 00:26:27]  Info    Performing event [ TCT->TTT ] at position 138 generated by the process NY98:Anonymous:12887520
[2009-08-20 00:26:29]  Info    Performing event [ GAC->GAT ] at position 158 generated by the process NY98:Anonymous:12887520
[2009-08-20 00:26:31]  Info    Performing event [ CTA->TTA ] at position 34 generated by the process NY98:Anonymous:12887520
[2009-08-20 00:26:33]  Info    Performing event [ CGT->TGT ] at position 190 generated by the process NY98:Anonymous:12887520
[2009-08-20 00:26:34]  Info    Starting to simulate edge 9 of 10
[2009-08-20 00:26:35]  Info    Performing event [ GCT->TCT ] at position 118 generated by the process NY98:Anonymous:12887520
[2009-08-20 00:26:37]  Info    Performing event [ GGT->AGT ] at position 93 generated by the process NY98:Anonymous:12887520
[2009-08-20 00:26:39]  Info    Performing event [ CTC->CAC ] at position 184 generated by the process NY98:Anonymous:12887520
[2009-08-20 00:26:41]  Info    Performing event [ CCA->ACA ] at position 24 generated by the process NY98:Anonymous:12887520
[2009-08-20 00:26:43]  Info    Performing event [ GTC->ATC ] at position 139 generated by the process NY98:Anonymous:12887520
[2009-08-20 00:26:45]  Info    Performing event [ GGC->GAC ] at position 71 generated by the process NY98:Anonymous:12887520
[2009-08-20 00:26:47]  Info    Performing event [ GAT->GGT ] at position 158 generated by the process NY98:Anonymous:12887520
[2009-08-20 00:26:49]  Info    Performing event [ GCG->GCA ] at position 99 generated by the process NY98:Anonymous:12887520
[2009-08-20 00:26:51]  Info    Performing event [ ACT->ATT ] at position 100 generated by the process NY98:Anonymous:12887520
[2009-08-20 00:26:53]  Info    Performing event [ GCA->GCG ] at position 197 generated by the process NY98:Anonymous:12887520
[2009-08-20 00:26:55]  Info    Performing event [ GAG->GAA ] at position 164 generated by the process NY98:Anonymous:12887520
[2009-08-20 00:26:57]  Info    Performing event [ ACT->ACA ] at position 143 generated by the process NY98:Anonymous:12887520
[2009-08-20 00:26:59]  Info    Performing event [ AGT->AGA ] at position 93 generated by the process NY98:Anonymous:12887520
[2009-08-20 00:27:01]  Info    Performing event [ CTG->TTG ] at position 155 generated by the process NY98:Anonymous:12887520
[2009-08-20 00:27:03]  Info    Performing event [ TCT->CCT ] at position 147 generated by the process NY98:Anonymous:12887520
[2009-08-20 00:27:05]  Info    Performing event [ ACT->ATT ] at position 53 generated by the process NY98:Anonymous:12887520
[2009-08-20 00:27:06]  Info    Performing event [ GCT->GGT ] at position 189 generated by the process NY98:Anonymous:12887520
[2009-08-20 00:27:08]  Info    Performing event [ TTG->TTA ] at position 134 generated by the process NY98:Anonymous:12887520
[2009-08-20 00:27:10]  Info    Performing event [ CTG->CTA ] at position 52 generated by the process NY98:Anonymous:12887520
[2009-08-20 00:27:12]  Info    Performing event [ ATG->ATA ] at position 20 generated by the process NY98:Anonymous:12887520
[2009-08-20 00:27:14]  Info    Performing event [ CGA->CAA ] at position 126 generated by the process NY98:Anonymous:12887520
[2009-08-20 00:27:16]  Info    Performing event [ ACC->ACT ] at position 67 generated by the process NY98:Anonymous:12887520
[2009-08-20 00:27:18]  Info    Performing event [ CCT->TCT ] at position 147 generated by the process NY98:Anonymous:12887520
[2009-08-20 00:27:20]  Info    Performing event [ ACG->GCG ] at position 131 generated by the process NY98:Anonymous:12887520
[2009-08-20 00:27:22]  Info    Performing event [ AGA->AAA ] at position 157 generated by the process NY98:Anonymous:12887520
[2009-08-20 00:27:25]  Info    Performing event [ CTA->CCA ] at position 88 generated by the process NY98:Anonymous:12887520
[2009-08-20 00:27:26]  Info    Starting to simulate edge 10 of 10
[2009-08-20 00:27:27]  Info    Performing event [ GAT->GGT ] at position 47 generated by the process NY98:Anonymous:12887520
[2009-08-20 00:27:29]  Info    Performing event [ CGA->CAA ] at position 57 generated by the process NY98:Anonymous:12887520
[2009-08-20 00:27:31]  Info    Performing event [ GAG->GGG ] at position 164 generated by the process NY98:Anonymous:12887520
[2009-08-20 00:27:33]  Info    Performing event [ GGC->AGC ] at position 165 generated by the process NY98:Anonymous:12887520
[2009-08-20 00:27:35]  Info    Performing event [ GAT->GTT ] at position 158 generated by the process NY98:Anonymous:12887520
[2009-08-20 00:27:37]  Info    Performing event [ CTG->CTA ] at position 92 generated by the process NY98:Anonymous:12887520
[2009-08-20 00:27:39]  Info    Performing event [ CTA->TTA ] at position 92 generated by the process NY98:Anonymous:12887520
[2009-08-20 00:27:41]  Info    Performing event [ AGC->AGT ] at position 178 generated by the process NY98:Anonymous:12887520
[2009-08-20 00:27:43]  Info    Performing event [ GAT->GAC ] at position 9 generated by the process NY98:Anonymous:12887520
[2009-08-20 00:27:45]  Info    Performing event [ CGG->CGA ] at position 2 generated by the process NY98:Anonymous:12887520
[2009-08-20 00:27:47]  Info    Performing event [ TGT->TAT ] at position 3 generated by the process NY98:Anonymous:12887520
[2009-08-20 00:27:49]  Info    Performing event [ GAG->GAC ] at position 115 generated by the process NY98:Anonymous:12887520
[2009-08-20 00:27:51]  Info    Performing event [ CGG->TGG ] at position 180 generated by the process NY98:Anonymous:12887520
[2009-08-20 00:27:53]  Info    Performing event [ TCC->TAC ] at position 59 generated by the process NY98:Anonymous:12887520
[2009-08-20 00:27:55]  Info    Performing event [ ATC->GTC ] at position 188 generated by the process NY98:Anonymous:12887520
[2009-08-20 00:27:56]  Info    Performing event [ GAA->GTA ] at position 45 generated by the process NY98:Anonymous:12887520
[2009-08-20 00:27:58]  Info    Performing event [ TGC->TTC ] at position 89 generated by the process NY98:Anonymous:12887520
[2009-08-20 00:28:00]  Info    Performing event [ TTC->TCC ] at position 123 generated by the process NY98:Anonymous:12887520
[2009-08-20 00:28:02]  Info    Performing event [ GCA->GTA ] at position 74 generated by the process NY98:Anonymous:12887520
[2009-08-20 00:28:04]  Info    Performing event [ CGG->AGG ] at position 187 generated by the process NY98:Anonymous:12887520
[2009-08-20 00:28:06]  Info    Performing event [ ACG->CCG ] at position 156 generated by the process NY98:Anonymous:12887520
[2009-08-20 00:28:08]  Info    Performing event [ ATG->ACG ] at position 20 generated by the process NY98:Anonymous:12887520
[2009-08-20 00:28:10]  Info    Performing event [ TCA->CCA ] at position 17 generated by the process NY98:Anonymous:12887520
[2009-08-20 00:28:12]  Info    Performing event [ CGG->CAG ] at position 1 generated by the process NY98:Anonymous:12887520
[2009-08-20 00:28:14]  Info    Performing event [ AGA->GGA ] at position 157 generated by the process NY98:Anonymous:12887520
[2009-08-20 00:28:16]  Info    Performing event [ GTG->ATG ] at position 90 generated by the process NY98:Anonymous:12887520
[2009-08-20 00:28:18]  Info    Performing event [ CCG->GCG ] at position 132 generated by the process NY98:Anonymous:12887520
[2009-08-20 00:28:20]  Info    Performing event [ AGG->GGG ] at position 86 generated by the process NY98:Anonymous:12887520
[2009-08-20 00:28:22]  Info    Performing event [ CTT->TTT ] at position 58 generated by the process NY98:Anonymous:12887520
[2009-08-20 00:28:24]  Info    Performing event [ CGC->TGC ] at position 124 generated by the process NY98:Anonymous:12887520
[2009-08-20 00:28:26]  Info    Performing event [ TAC->TAT ] at position 56 generated by the process NY98:Anonymous:12887520
[2009-08-20 00:28:28]  Info    Performing event [ CTG->TTG ] at position 52 generated by the process NY98:Anonymous:12887520
[2009-08-20 00:28:30]  Info    Performing event [ ACC->ACT ] at position 61 generated by the process NY98:Anonymous:12887520
[2009-08-20 00:28:32]  Info    Performing event [ TCA->GCA ] at position 102 generated by the process NY98:Anonymous:12887520
[2009-08-20 00:28:34]  Info    Performing event [ GCC->TCC ] at position 81 generated by the process NY98:Anonymous:12887520
[2009-08-20 00:28:36]  Info    Performing event [ CAC->TAC ] at position 14 generated by the process NY98:Anonymous:12887520
[2009-08-20 00:28:38]  Info    Performing event [ CCC->CCG ] at position 64 generated by the process NY98:Anonymous:12887520
[2009-08-20 00:28:40]  Info    Performing event [ ATG->AAG ] at position 11 generated by the process NY98:Anonymous:12887520
[2009-08-20 00:28:42]  Info    Performing event [ GGG->AGG ] at position 141 generated by the process NY98:Anonymous:12887520
[2009-08-20 00:28:44]  Info    Performing event [ TGC->TAC ] at position 192 generated by the process NY98:Anonymous:12887520
[2009-08-20 00:28:46]  Info    Performing event [ AGT->GGT ] at position 144 generated by the process NY98:Anonymous:12887520
[2009-08-20 00:28:48]  Info    Performing event [ TAC->CAC ] at position 192 generated by the process NY98:Anonymous:12887520
[2009-08-20 00:28:50]  Info    Performing event [ TTG->TCG ] at position 171 generated by the process NY98:Anonymous:12887520
[2009-08-20 00:28:52]  Info    Performing event [ AAT->GAT ] at position 170 generated by the process NY98:Anonymous:12887520
[2009-08-20 00:28:54]  Info    Performing event [ CGT->TGT ] at position 6 generated by the process NY98:Anonymous:12887520
[2009-08-20 00:28:56]  Info    Performing event [ CTT->TTT ] at position 15 generated by the process NY98:Anonymous:12887520
[2009-08-20 00:28:58]  Info    Performing event [ GCG->ACG ] at position 99 generated by the process NY98:Anonymous:12887520
[2009-08-20 00:29:00]  Info    Performing event [ TGC->TAC ] at position 198 generated by the process NY98:Anonymous:12887520
[2009-08-20 00:29:01]  Info    Performing event [ TCC->CCC ] at position 33 generated by the process NY98:Anonymous:12887520
[2009-08-20 00:29:03]  Info    Performing event [ GAC->GGC ] at position 95 generated by the process NY98:Anonymous:12887520
[2009-08-20 00:29:05]  Info    Performing event [ CCC->CAC ] at position 87 generated by the process NY98:Anonymous:12887520
[2009-08-20 00:29:07]  Info    Performing event [ GCG->ACG ] at position 132 generated by the process NY98:Anonymous:12887520
[2009-08-20 00:29:09]  Info    Performing event [ GCT->GTT ] at position 118 generated by the process NY98:Anonymous:12887520
[2009-08-20 00:29:11]  Info    Performing event [ TGC->TGT ] at position 193 generated by the process NY98:Anonymous:12887520
[2009-08-20 00:29:13]  Info    Performing event [ ACT->ACA ] at position 143 generated by the process NY98:Anonymous:12887520
[2009-08-20 00:29:15]  Info    Performing event [ GAT->AAT ] at position 42 generated by the process NY98:Anonymous:12887520
[2009-08-20 00:29:17]  Info    Performing event [ CCG->TCG ] at position 156 generated by the process NY98:Anonymous:12887520
[2009-08-20 00:29:19]  Info    Performing event [ GCG->GGG ] at position 36 generated by the process NY98:Anonymous:12887520
[2009-08-20 00:29:21]  Info    Performing event [ TTG->TTA ] at position 134 generated by the process NY98:Anonymous:12887520
[2009-08-20 00:29:23]  Info    Performing event [ ACG->ATG ] at position 99 generated by the process NY98:Anonymous:12887520
[2009-08-20 00:29:25]  Info    Performing event [ CCC->GCC ] at position 39 generated by the process NY98:Anonymous:12887520
[2009-08-20 00:29:27]  Info    Performing event [ GAC->CAC ] at position 9 generated by the process NY98:Anonymous:12887520
[2009-08-20 00:29:29]  Info    Performing event [ GGG->GAG ] at position 186 generated by the process NY98:Anonymous:12887520
[2009-08-20 00:29:31]  Info    Performing event [ GCG->GAG ] at position 84 generated by the process NY98:Anonymous:12887520
[2009-08-20 00:29:33]  Info    Performing event [ CCC->CTC ] at position 10 generated by the process NY98:Anonymous:12887520
[2009-08-20 00:29:35]  Info    Performing event [ GCA->ACA ] at position 102 generated by the process NY98:Anonymous:12887520
[2009-08-20 00:29:37]  Info    Performing event [ CCG->GCG ] at position 73 generated by the process NY98:Anonymous:12887520
[2009-08-20 00:29:39]  Info    Performing event [ ACG->GCG ] at position 131 generated by the process NY98:Anonymous:12887520
[2009-08-20 00:29:41]  Info    Performing event [ GGC->GAC ] at position 95 generated by the process NY98:Anonymous:12887520
[2009-08-20 00:29:43]  Info    Performing event [ GCC->GCA ] at position 154 generated by the process NY98:Anonymous:12887520
[2009-08-20 00:29:44]  Info    Performing event [ CTA->CGA ] at position 174 generated by the process NY98:Anonymous:12887520
[2009-08-20 00:29:46]  Info    Performing event [ ATG->GTG ] at position 90 generated by the process NY98:Anonymous:12887520
[2009-08-20 00:29:48]  Info    Performing event [ CCC->CCA ] at position 146 generated by the process NY98:Anonymous:12887520
[2009-08-20 00:29:50]  Info    Performing event [ CGT->CGC ] at position 168 generated by the process NY98:Anonymous:12887520
[2009-08-20 00:29:52]  Info    Performing event [ AAT->AAA ] at position 42 generated by the process NY98:Anonymous:12887520
[2009-08-20 00:29:54]  Info    Performing event [ GCT->GCC ] at position 189 generated by the process NY98:Anonymous:12887520
[2009-08-20 00:29:56]  Info    Performing event [ TAC->CAC ] at position 198 generated by the process NY98:Anonymous:12887520
[2009-08-20 00:29:58]  Info    Performing event [ GCC->GCT ] at position 65 generated by the process NY98:Anonymous:12887520
[2009-08-20 00:30:00]  Info    Performing event [ CTG->CGG ] at position 155 generated by the process NY98:Anonymous:12887520
[2009-08-20 00:30:02]  Info    Performing event [ GAG->GTG ] at position 149 generated by the process NY98:Anonymous:12887520
[2009-08-20 00:30:05]  Info    Performing event [ GGT->GAT ] at position 129 generated by the process NY98:Anonymous:12887520
[2009-08-20 00:30:06]  Info    Performing event [ GGG->GGA ] at position 86 generated by the process NY98:Anonymous:12887520
[2009-08-20 00:30:08]  Info    Performing event [ TAC->GAC ] at position 30 generated by the process NY98:Anonymous:12887520
[2009-08-20 00:30:10]  Info    Performing event [ CAC->CAT ] at position 38 generated by the process NY98:Anonymous:12887520
[2009-08-20 00:30:12]  Info    Performing event [ GGC->GAC ] at position 91 generated by the process NY98:Anonymous:12887520
[2009-08-20 00:30:14]  Info    Performing event [ CGG->TGG ] at position 161 generated by the process NY98:Anonymous:12887520
[2009-08-20 00:30:16]  Info    Performing event [ GGT->AGT ] at position 47 generated by the process NY98:Anonymous:12887520
[2009-08-20 00:30:18]  Info    Performing event [ TGC->CGC ] at position 54 generated by the process NY98:Anonymous:12887520
[2009-08-20 00:30:20]  Info    Performing event [ CAC->GAC ] at position 192 generated by the process NY98:Anonymous:12887520
[2009-08-20 00:30:22]  Info    Performing event [ TCG->CCG ] at position 156 generated by the process NY98:Anonymous:12887520
[2009-08-20 00:30:23]  Info    Simulation finished, building alignment!

